TN:
SF:script/DeploySXCEngine.s.sol
DA:24,0
FN:24,DeploySXCEngine.run
FNDA:0,DeploySXCEngine.run
DA:26,0
DA:29,0
DA:30,0
DA:33,0
DA:34,0
DA:37,0
DA:45,0
DA:48,0
DA:51,0
DA:58,0
DA:61,0
FNF:1
FNH:0
LF:12
LH:0
BRF:0
BRH:0
end_of_record
TN:
SF:script/HelperConfig.s.sol
DA:34,0
FN:34,HelperConfig.constructor
FNDA:0,HelperConfig.constructor
DA:35,0
BRDA:35,0,0,-
BRDA:35,0,1,-
DA:36,0
DA:38,0
DA:54,0
FN:54,HelperConfig.getSepoliaEthConfig
FNDA:0,HelperConfig.getSepoliaEthConfig
DA:55,0
DA:67,0
FN:67,HelperConfig.getOrCreateAnvilEthConfig
FNDA:0,HelperConfig.getOrCreateAnvilEthConfig
DA:69,0
BRDA:69,1,0,-
DA:70,0
DA:74,0
DA:75,0
DA:76,0
DA:77,0
DA:78,0
DA:79,0
DA:81,0
DA:89,0
DA:90,0
FNF:3
FNH:0
LF:18
LH:0
BRF:3
BRH:0
end_of_record
TN:
SF:src/SXCEngine.sol
DA:121,0
FN:121,SXCEngine.moreThanZero
FNDA:0,SXCEngine.moreThanZero
DA:122,0
BRDA:122,0,0,-
DA:128,2
FN:128,SXCEngine.isAllowedToken
FNDA:2,SXCEngine.isAllowedToken
DA:129,2
BRDA:129,1,0,1
DA:144,12
FN:144,SXCEngine.constructor
FNDA:12,SXCEngine.constructor
DA:145,12
BRDA:145,2,0,1
DA:146,1
DA:148,11
DA:149,19
DA:150,19
DA:152,11
DA:162,0
FN:162,SXCEngine.depositCollateralAndMintDsc
FNDA:0,SXCEngine.depositCollateralAndMintDsc
DA:167,0
DA:168,0
DA:178,2
FN:178,SXCEngine.depositCollateral
FNDA:2,SXCEngine.depositCollateral
DA:184,1
BRDA:184,3,0,-
DA:185,0
DA:187,1
DA:188,1
DA:189,1
DA:190,1
BRDA:190,4,0,-
DA:200,0
FN:200,SXCEngine.redeemCollateralForDsc
FNDA:0,SXCEngine.redeemCollateralForDsc
DA:203,0
DA:204,0
DA:205,0
DA:206,0
DA:215,0
FN:215,SXCEngine.redeemCollateral
FNDA:0,SXCEngine.redeemCollateral
DA:220,0
DA:221,0
DA:229,0
FN:229,SXCEngine.burnDsc
FNDA:0,SXCEngine.burnDsc
DA:230,0
DA:231,0
DA:232,0
DA:240,0
FN:240,SXCEngine.mintSxc
FNDA:0,SXCEngine.mintSxc
DA:241,0
DA:242,0
DA:243,0
DA:244,0
BRDA:244,5,0,-
DA:254,0
FN:254,SXCEngine.liquidate
FNDA:0,SXCEngine.liquidate
DA:259,0
DA:260,0
BRDA:260,6,0,-
DA:261,0
DA:263,0
DA:264,0
DA:265,0
DA:266,0
DA:267,0
DA:268,0
DA:269,0
DA:270,0
BRDA:270,7,0,-
DA:271,0
DA:273,0
DA:283,0
FN:283,SXCEngine._burnSxc
FNDA:0,SXCEngine._burnSxc
DA:284,0
BRDA:284,8,0,-
DA:285,0
DA:286,0
DA:287,0
BRDA:287,9,0,-
DA:288,0
DA:299,0
FN:299,SXCEngine._redeemCollateral
FNDA:0,SXCEngine._redeemCollateral
DA:303,0
BRDA:303,10,0,-
DA:304,0
DA:306,0
DA:307,0
DA:308,0
DA:309,0
BRDA:309,11,0,-
DA:318,1
FN:318,SXCEngine._getAccountInformation
FNDA:1,SXCEngine._getAccountInformation
DA:323,1
DA:324,1
DA:333,0
FN:333,SXCEngine._healthFactor
FNDA:0,SXCEngine._healthFactor
DA:334,0
DA:335,0
DA:336,0
DA:337,0
DA:344,0
FN:344,SXCEngine._revertIfHealthFactorIsBroken
FNDA:0,SXCEngine._revertIfHealthFactorIsBroken
DA:345,0
DA:346,0
BRDA:346,13,0,-
DA:354,0
FN:354,SXCEngine.getAccountCollateralValue
FNDA:0,SXCEngine.getAccountCollateralValue
DA:355,1
DA:356,2
DA:357,2
DA:358,2
DA:360,0
DA:370,2
FN:370,SXCEngine.getUsdValue
FNDA:2,SXCEngine.getUsdValue
DA:371,4
DA:372,4
DA:374,4
BRDA:374,14,0,-
DA:375,4
BRDA:375,15,0,-
DA:377,4
DA:380,4
BRDA:380,16,0,-
DA:381,0
DA:384,4
DA:387,4
BRDA:387,17,0,-
DA:388,0
DA:391,4
DA:394,1
FN:394,SXCEngine.getAccountInformation
FNDA:1,SXCEngine.getAccountInformation
DA:399,1
DA:410,4
FN:410,SXCEngine.getTokenAmountFromUsd
FNDA:4,SXCEngine.getTokenAmountFromUsd
DA:411,4
DA:412,4
DA:414,4
BRDA:414,18,0,-
DA:415,4
BRDA:415,19,0,-
DA:417,4
DA:420,4
BRDA:420,20,0,-
DA:421,0
DA:424,4
DA:427,4
BRDA:427,21,0,1
DA:428,1
DA:431,3
BRDA:431,22,0,-
DA:433,3
FNF:19
FNH:7
LF:109
LH:46
BRF:22
BRH:3
end_of_record
TN:
SF:src/StableXCoin.sol
DA:70,0
FN:70,StableXCoin.burn
FNDA:0,StableXCoin.burn
DA:71,0
DA:73,0
BRDA:73,0,0,-
DA:74,0
DA:77,0
BRDA:77,1,0,-
DA:78,0
DA:81,0
DA:91,0
FN:91,StableXCoin.mint
FNDA:0,StableXCoin.mint
DA:92,0
BRDA:92,2,0,-
DA:93,0
DA:96,0
BRDA:96,3,0,-
DA:97,0
DA:100,0
DA:101,0
FNF:2
FNH:0
LF:14
LH:0
BRF:4
BRH:0
end_of_record
TN:
SF:test/mocks/ERC20Mock.sol
DA:7,17
FN:7,ERC20Mock.constructor
FNDA:17,ERC20Mock.constructor
DA:11,17
DA:14,16
FN:14,ERC20Mock.mint
FNDA:16,ERC20Mock.mint
DA:15,16
DA:18,0
FN:18,ERC20Mock.burn
FNDA:0,ERC20Mock.burn
DA:19,0
DA:22,0
FN:22,ERC20Mock.transferInternal
FNDA:0,ERC20Mock.transferInternal
DA:23,0
DA:26,0
FN:26,ERC20Mock.approveInternal
FNDA:0,ERC20Mock.approveInternal
DA:27,0
FNF:5
FNH:2
LF:10
LH:4
BRF:0
BRH:0
end_of_record
TN:
SF:test/mocks/MockV3Aggregator.sol
DA:24,16
FN:24,MockV3Aggregator.constructor
FNDA:16,MockV3Aggregator.constructor
DA:25,16
DA:26,16
DA:29,16
FN:29,MockV3Aggregator.updateAnswer
FNDA:16,MockV3Aggregator.updateAnswer
DA:30,16
DA:31,16
DA:32,16
DA:33,16
DA:34,16
DA:35,16
DA:38,0
FN:38,MockV3Aggregator.updateRoundData
FNDA:0,MockV3Aggregator.updateRoundData
DA:39,0
DA:40,0
DA:41,0
DA:42,0
DA:43,0
DA:44,0
DA:47,0
FN:47,MockV3Aggregator.getRoundData
FNDA:0,MockV3Aggregator.getRoundData
DA:52,0
DA:55,28
FN:55,MockV3Aggregator.latestRoundData
FNDA:28,MockV3Aggregator.latestRoundData
DA:60,28
DA:69,0
FN:69,MockV3Aggregator.description
FNDA:0,MockV3Aggregator.description
DA:70,0
FNF:6
FNH:3
LF:23
LH:12
BRF:0
BRH:0
end_of_record
TN:
SF:utils/SafeMath.sol
DA:7,0
FN:7,SafeMath.add
FNDA:0,SafeMath.add
DA:8,0
DA:9,0
BRDA:9,0,0,-
BRDA:9,0,1,-
DA:10,0
DA:13,0
FN:13,SafeMath.sub
FNDA:0,SafeMath.sub
DA:14,0
BRDA:14,1,0,-
BRDA:14,1,1,-
DA:15,0
DA:16,0
DA:19,0
FN:19,SafeMath.mul
FNDA:0,SafeMath.mul
DA:22,0
DA:24,0
DA:25,0
BRDA:25,3,0,-
BRDA:25,3,1,-
DA:26,0
DA:29,0
FN:29,SafeMath.div
FNDA:0,SafeMath.div
DA:30,0
BRDA:30,4,0,-
BRDA:30,4,1,-
DA:31,0
DA:32,0
DA:35,0
FN:35,SafeMath.mod
FNDA:0,SafeMath.mod
DA:36,0
BRDA:36,5,0,-
BRDA:36,5,1,-
DA:37,0
FNF:5
FNH:0
LF:20
LH:0
BRF:10
BRH:0
end_of_record
